<?xml version="1.0" encoding="UTF-8"?>
<!-- Generated by org.testng.reporters.JUnitXMLReporter -->
<testsuite hostname="DESKTOP-4LFDKLF" failures="0" tests="6" name="Test" time="0.261" errors="0" timestamp="23 Nov 2020 10:55:18 GMT">
  <testcase classname="testScenario.GiftCardInvalidInput" name="@BeforeClass driverConfiguration" time="0.0">
    <failure type="java.lang.IllegalStateException" message="The driver executable does not exist: C:\Users\AMMU\Downloads\chromedriver_win32 (1)\chromedriver.exe">
      <![CDATA[java.lang.IllegalStateException: The driver executable does not exist: C:\Users\AMMU\Downloads\chromedriver_win32 (1)\chromedriver.exe
	at com.google.common.base.Preconditions.checkState(Preconditions.java:585)
	at org.openqa.selenium.remote.service.DriverService.checkExecutable(DriverService.java:146)
	at org.openqa.selenium.remote.service.DriverService.findExecutable(DriverService.java:141)
	at org.openqa.selenium.chrome.ChromeDriverService.access$000(ChromeDriverService.java:35)
	at org.openqa.selenium.chrome.ChromeDriverService$Builder.findDefaultExecutable(ChromeDriverService.java:159)
	at org.openqa.selenium.remote.service.DriverService$Builder.build(DriverService.java:355)
	at org.openqa.selenium.chrome.ChromeDriverService.createDefaultService(ChromeDriverService.java:94)
	at org.openqa.selenium.chrome.ChromeDriver.<init>(ChromeDriver.java:123)
	at userDefinedLibraries.DriverSetup.driverInstantiation(DriverSetup.java:19)
	at testScenario.GiftCardInvalidInput.driverConfiguration(GiftCardInvalidInput.java:57)
	at org.apache.maven.surefire.testng.TestNGExecutor.run(TestNGExecutor.java:283)
	at org.apache.maven.surefire.testng.TestNGXmlTestSuite.execute(TestNGXmlTestSuite.java:75)
	at org.apache.maven.surefire.testng.TestNGProvider.invoke(TestNGProvider.java:120)
	at org.apache.maven.surefire.booter.ForkedBooter.invokeProviderInSameClassLoader(ForkedBooter.java:386)
	at org.apache.maven.surefire.booter.ForkedBooter.runSuitesInProcess(ForkedBooter.java:323)
	at org.apache.maven.surefire.booter.ForkedBooter.main(ForkedBooter.java:143)
... Removed 21 stack frames]]>
    </failure>
  </testcase> <!-- @BeforeClass driverConfiguration -->
  <testcase classname="testScenario.GiftCardInvalidInput" name="testcase_readExcelData" time="0.001">
    <skipped/>
  </testcase> <!-- testcase_readExcelData -->
  <testcase classname="testScenario.GiftCardInvalidInput" name="testcase_clickGiftCards" time="0.0">
    <skipped/>
  </testcase> <!-- testcase_clickGiftCards -->
  <testcase classname="testScenario.GiftCardInvalidInput" name="testcase_selectGiftCards" time="0.0">
    <skipped/>
  </testcase> <!-- testcase_selectGiftCards -->
  <testcase classname="testScenario.GiftCardInvalidInput" name="testcase_customiseGiftCard" time="0.0">
    <skipped/>
  </testcase> <!-- testcase_customiseGiftCard -->
  <testcase classname="testScenario.GiftCardInvalidInput" name="testcase_FillDetails" time="0.0">
    <skipped/>
  </testcase> <!-- testcase_FillDetails -->
  <testcase classname="testScenario.GiftCardInvalidInput" name="errorMessage" time="0.0">
    <skipped/>
  </testcase> <!-- errorMessage -->
</testsuite> <!-- Test -->
